# JRE version: OpenJDK Runtime Environment (8.0_112-b06) (build 1.8.0_112-release-b06)
# Java VM: OpenJDK 64-Bit Server VM (25.112-b06 mixed mode linux-amd64 compressed oops)
Heap:
 PSYoungGen      total 342528K, used 0K [0x00000000e0000000, 0x00000000fe600000, 0x0000000100000000)
  eden space 184320K, 0% used [0x00000000e0000000,0x00000000e0000000,0x00000000eb400000)
  from space 158208K, 0% used [0x00000000eb400000,0x00000000eb400000,0x00000000f4e80000)
  to   space 149504K, 0% used [0x00000000f5400000,0x00000000f5400000,0x00000000fe600000)
 ParOldGen       total 775680K, used 715103K [0x00000000a0000000, 0x00000000cf580000, 0x00000000e0000000)
  object space 775680K, 92% used [0x00000000a0000000,0x00000000cba57eb8,0x00000000cf580000)
 Metaspace       used 73430K, capacity 75602K, committed 75904K, reserved 1116160K
  class space    used 9534K, capacity 10040K, committed 10112K, reserved 1048576K
GC Heap History (10 events):
Event: 131,544 GC heap after
Heap after GC invocations=58 (full 9):
 PSYoungGen      total 349696K, used 48221K [0x00000000e0000000, 0x0000000100000000, 0x0000000100000000)
  eden space 175104K, 0% used [0x00000000e0000000,0x00000000e0000000,0x00000000eab00000)
  from space 174592K, 27% used [0x00000000eab00000,0x00000000eda17638,0x00000000f5580000)
  to   space 174592K, 0% used [0x00000000f5580000,0x00000000f5580000,0x0000000100000000)
 ParOldGen       total 775680K, used 565705K [0x00000000a0000000, 0x00000000cf580000, 0x00000000e0000000)
  object space 775680K, 72% used [0x00000000a0000000,0x00000000c2872480,0x00000000cf580000)
 Metaspace       used 73429K, capacity 75602K, committed 75904K, reserved 1116160K
  class space    used 9534K, capacity 10040K, committed 10112K, reserved 1048576K
}
Event: 131,545 GC heap before
{Heap before GC invocations=59 (full 9):
 PSYoungGen      total 349696K, used 50060K [0x00000000e0000000, 0x0000000100000000, 0x0000000100000000)
  eden space 175104K, 1% used [0x00000000e0000000,0x00000000e01cbd00,0x00000000eab00000)
  from space 174592K, 27% used [0x00000000eab00000,0x00000000eda17638,0x00000000f5580000)
  to   space 174592K, 0% used [0x00000000f5580000,0x00000000f5580000,0x0000000100000000)
 ParOldGen       total 775680K, used 565705K [0x00000000a0000000, 0x00000000cf580000, 0x00000000e0000000)
  object space 775680K, 72% used [0x00000000a0000000,0x00000000c2872480,0x00000000cf580000)
 Metaspace       used 73429K, capacity 75602K, committed 75904K, reserved 1116160K
  class space    used 9534K, capacity 10040K, committed 10112K, reserved 1048576K
Event: 131,612 GC heap after
Heap after GC invocations=59 (full 9):
 PSYoungGen      total 349696K, used 32K [0x00000000e0000000, 0x0000000100000000, 0x0000000100000000)
  eden space 175104K, 0% used [0x00000000e0000000,0x00000000e0000000,0x00000000eab00000)
  from space 174592K, 0% used [0x00000000f5580000,0x00000000f5588000,0x0000000100000000)
  to   space 174592K, 0% used [0x00000000eab00000,0x00000000eab00000,0x00000000f5580000)
 ParOldGen       total 775680K, used 613794K [0x00000000a0000000, 0x00000000cf580000, 0x00000000e0000000)
  object space 775680K, 79% used [0x00000000a0000000,0x00000000c5768870,0x00000000cf580000)
 Metaspace       used 73429K, capacity 75602K, committed 75904K, reserved 1116160K
  class space    used 9534K, capacity 10040K, committed 10112K, reserved 1048576K
}
Event: 131,873 GC heap before
{Heap before GC invocations=60 (full 9):
 PSYoungGen      total 349696K, used 175136K [0x00000000e0000000, 0x0000000100000000, 0x0000000100000000)
  eden space 175104K, 100% used [0x00000000e0000000,0x00000000eab00000,0x00000000eab00000)
  from space 174592K, 0% used [0x00000000f5580000,0x00000000f5588000,0x0000000100000000)
  to   space 174592K, 0% used [0x00000000eab00000,0x00000000eab00000,0x00000000f5580000)
 ParOldGen       total 775680K, used 613794K [0x00000000a0000000, 0x00000000cf580000, 0x00000000e0000000)
  object space 775680K, 79% used [0x00000000a0000000,0x00000000c5768870,0x00000000cf580000)
 Metaspace       used 73429K, capacity 75602K, committed 75904K, reserved 1116160K
  class space    used 9534K, capacity 10040K, committed 10112K, reserved 1048576K
Event: 131,932 GC heap after
Heap after GC invocations=60 (full 9):
 PSYoungGen      total 224768K, used 49439K [0x00000000e0000000, 0x00000000ff200000, 0x0000000100000000)
  eden space 175104K, 0% used [0x00000000e0000000,0x00000000e0000000,0x00000000eab00000)
  from space 49664K, 99% used [0x00000000eab00000,0x00000000edb47ca0,0x00000000edb80000)
  to   space 167424K, 0% used [0x00000000f4e80000,0x00000000f4e80000,0x00000000ff200000)
 ParOldGen       total 775680K, used 613802K [0x00000000a0000000, 0x00000000cf580000, 0x00000000e0000000)
  object space 775680K, 79% used [0x00000000a0000000,0x00000000c576a870,0x00000000cf580000)
 Metaspace       used 73429K, capacity 75602K, committed 75904K, reserved 1116160K
  class space    used 9534K, capacity 10040K, committed 10112K, reserved 1048576K
}
Event: 132,181 GC heap before
{Heap before GC invocations=61 (full 9):
 PSYoungGen      total 224768K, used 224543K [0x00000000e0000000, 0x00000000ff200000, 0x0000000100000000)
  eden space 175104K, 100% used [0x00000000e0000000,0x00000000eab00000,0x00000000eab00000)
  from space 49664K, 99% used [0x00000000eab00000,0x00000000edb47ca0,0x00000000edb80000)
  to   space 167424K, 0% used [0x00000000f4e80000,0x00000000f4e80000,0x00000000ff200000)
 ParOldGen       total 775680K, used 613802K [0x00000000a0000000, 0x00000000cf580000, 0x00000000e0000000)
  object space 775680K, 79% used [0x00000000a0000000,0x00000000c576a888,0x00000000cf580000)
 Metaspace       used 73430K, capacity 75602K, committed 75904K, reserved 1116160K
  class space    used 9534K, capacity 10040K, committed 10112K, reserved 1048576K
Event: 132,287 GC heap after
Heap after GC invocations=61 (full 9):
 PSYoungGen      total 351744K, used 48045K [0x00000000e0000000, 0x00000000ff300000, 0x0000000100000000)
  eden space 184320K, 0% used [0x00000000e0000000,0x00000000e0000000,0x00000000eb400000)
  from space 167424K, 28% used [0x00000000f4e80000,0x00000000f7d6b740,0x00000000ff200000)
  to   space 158208K, 0% used [0x00000000eb400000,0x00000000eb400000,0x00000000f4e80000)
 ParOldGen       total 775680K, used 659420K [0x00000000a0000000, 0x00000000cf580000, 0x00000000e0000000)
  object space 775680K, 85% used [0x00000000a0000000,0x00000000c83f7358,0x00000000cf580000)
 Metaspace       used 73430K, capacity 75602K, committed 75904K, reserved 1116160K
  class space    used 9534K, capacity 10040K, committed 10112K, reserved 1048576K
}
Event: 132,561 GC heap before
{Heap before GC invocations=62 (full 9):
 PSYoungGen      total 351744K, used 232365K [0x00000000e0000000, 0x00000000ff300000, 0x0000000100000000)
  eden space 184320K, 100% used [0x00000000e0000000,0x00000000eb400000,0x00000000eb400000)
  from space 167424K, 28% used [0x00000000f4e80000,0x00000000f7d6b740,0x00000000ff200000)
  to   space 158208K, 0% used [0x00000000eb400000,0x00000000eb400000,0x00000000f4e80000)
 ParOldGen       total 775680K, used 659441K [0x00000000a0000000, 0x00000000cf580000, 0x00000000e0000000)
  object space 775680K, 85% used [0x00000000a0000000,0x00000000c83fc6d0,0x00000000cf580000)
 Metaspace       used 73430K, capacity 75602K, committed 75904K, reserved 1116160K
  class space    used 9534K, capacity 10040K, committed 10112K, reserved 1048576K
Event: 132,667 GC heap after
Heap after GC invocations=62 (full 9):
 PSYoungGen      total 342528K, used 49111K [0x00000000e0000000, 0x00000000fe600000, 0x0000000100000000)
  eden space 184320K, 0% used [0x00000000e0000000,0x00000000e0000000,0x00000000eb400000)
  from space 158208K, 31% used [0x00000000eb400000,0x00000000ee3f5fe8,0x00000000f4e80000)
  to   space 149504K, 0% used [0x00000000f5400000,0x00000000f5400000,0x00000000fe600000)
 ParOldGen       total 775680K, used 703000K [0x00000000a0000000, 0x00000000cf580000, 0x00000000e0000000)
  object space 775680K, 90% used [0x00000000a0000000,0x00000000cae86388,0x00000000cf580000)
 Metaspace       used 73430K, capacity 75602K, committed 75904K, reserved 1116160K
  class space    used 9534K, capacity 10040K, committed 10112K, reserved 1048576K
}
Event: 132,667 GC heap before
{Heap before GC invocations=63 (full 10):
 PSYoungGen      total 342528K, used 49111K [0x00000000e0000000, 0x00000000fe600000, 0x0000000100000000)
  eden space 184320K, 0% used [0x00000000e0000000,0x00000000e0000000,0x00000000eb400000)
  from space 158208K, 31% used [0x00000000eb400000,0x00000000ee3f5fe8,0x00000000f4e80000)
  to   space 149504K, 0% used [0x00000000f5400000,0x00000000f5400000,0x00000000fe600000)
 ParOldGen       total 775680K, used 703000K [0x00000000a0000000, 0x00000000cf580000, 0x00000000e0000000)
  object space 775680K, 90% used [0x00000000a0000000,0x00000000cae86388,0x00000000cf580000)
 Metaspace       used 73430K, capacity 75602K, committed 75904K, reserved 1116160K
  class space    used 9534K, capacity 10040K, committed 10112K, reserved 1048576K

