# JRE version: OpenJDK Runtime Environment (8.0_112-b06) (build 1.8.0_112-release-b06)
# Java VM: OpenJDK 64-Bit Server VM (25.112-b06 mixed mode linux-amd64 compressed oops)
Heap:
 PSYoungGen      total 395264K, used 0K [0x00000000e0000000, 0x0000000100000000, 0x0000000100000000)
  eden space 271360K, 0% used [0x00000000e0000000,0x00000000e0000000,0x00000000f0900000)
  from space 123904K, 0% used [0x00000000f8700000,0x00000000f8700000,0x0000000100000000)
  to   space 126464K, 0% used [0x00000000f0900000,0x00000000f0900000,0x00000000f8480000)
 ParOldGen       total 406016K, used 233006K [0x00000000a0000000, 0x00000000b8c80000, 0x00000000e0000000)
  object space 406016K, 57% used [0x00000000a0000000,0x00000000ae38b8f8,0x00000000b8c80000)
 Metaspace       used 119589K, capacity 126826K, committed 128280K, reserved 1161216K
  class space    used 15105K, capacity 16327K, committed 16664K, reserved 1048576K
GC Heap History (10 events):
Event: 6967,934 GC heap after
Heap after GC invocations=152 (full 12):
 PSYoungGen      total 421376K, used 1535K [0x00000000e0000000, 0x00000000ffa00000, 0x0000000100000000)
  eden space 331776K, 0% used [0x00000000e0000000,0x00000000e0000000,0x00000000f4400000)
  from space 89600K, 1% used [0x00000000fa280000,0x00000000fa3ffe40,0x00000000ffa00000)
  to   space 93184K, 0% used [0x00000000f4400000,0x00000000f4400000,0x00000000f9f00000)
 ParOldGen       total 406016K, used 272233K [0x00000000a0000000, 0x00000000b8c80000, 0x00000000e0000000)
  object space 406016K, 67% used [0x00000000a0000000,0x00000000b09da5a0,0x00000000b8c80000)
 Metaspace       used 119202K, capacity 126232K, committed 128280K, reserved 1161216K
  class space    used 15052K, capacity 16228K, committed 16664K, reserved 1048576K
}
Event: 6968,780 GC heap before
{Heap before GC invocations=153 (full 12):
 PSYoungGen      total 421376K, used 333311K [0x00000000e0000000, 0x00000000ffa00000, 0x0000000100000000)
  eden space 331776K, 100% used [0x00000000e0000000,0x00000000f4400000,0x00000000f4400000)
  from space 89600K, 1% used [0x00000000fa280000,0x00000000fa3ffe40,0x00000000ffa00000)
  to   space 93184K, 0% used [0x00000000f4400000,0x00000000f4400000,0x00000000f9f00000)
 ParOldGen       total 406016K, used 272233K [0x00000000a0000000, 0x00000000b8c80000, 0x00000000e0000000)
  object space 406016K, 67% used [0x00000000a0000000,0x00000000b09da5a0,0x00000000b8c80000)
 Metaspace       used 119576K, capacity 126826K, committed 128280K, reserved 1161216K
  class space    used 15105K, capacity 16327K, committed 16664K, reserved 1048576K
Event: 6968,835 GC heap after
Heap after GC invocations=153 (full 12):
 PSYoungGen      total 424960K, used 46087K [0x00000000e0000000, 0x0000000100000000, 0x0000000100000000)
  eden space 331776K, 0% used [0x00000000e0000000,0x00000000e0000000,0x00000000f4400000)
  from space 93184K, 49% used [0x00000000f4400000,0x00000000f7101ce0,0x00000000f9f00000)
  to   space 93696K, 0% used [0x00000000fa480000,0x00000000fa480000,0x0000000100000000)
 ParOldGen       total 406016K, used 272233K [0x00000000a0000000, 0x00000000b8c80000, 0x00000000e0000000)
  object space 406016K, 67% used [0x00000000a0000000,0x00000000b09da5a0,0x00000000b8c80000)
 Metaspace       used 119576K, capacity 126826K, committed 128280K, reserved 1161216K
  class space    used 15105K, capacity 16327K, committed 16664K, reserved 1048576K
}
Event: 6969,605 GC heap before
{Heap before GC invocations=154 (full 12):
 PSYoungGen      total 424960K, used 377863K [0x00000000e0000000, 0x0000000100000000, 0x0000000100000000)
  eden space 331776K, 100% used [0x00000000e0000000,0x00000000f4400000,0x00000000f4400000)
  from space 93184K, 49% used [0x00000000f4400000,0x00000000f7101ce0,0x00000000f9f00000)
  to   space 93696K, 0% used [0x00000000fa480000,0x00000000fa480000,0x0000000100000000)
 ParOldGen       total 406016K, used 272233K [0x00000000a0000000, 0x00000000b8c80000, 0x00000000e0000000)
  object space 406016K, 67% used [0x00000000a0000000,0x00000000b09da5a0,0x00000000b8c80000)
 Metaspace       used 119589K, capacity 126826K, committed 128280K, reserved 1161216K
  class space    used 15105K, capacity 16327K, committed 16664K, reserved 1048576K
Event: 6969,748 GC heap after
Heap after GC invocations=154 (full 12):
 PSYoungGen      total 386560K, used 93664K [0x00000000e0000000, 0x0000000100000000, 0x0000000100000000)
  eden space 292864K, 0% used [0x00000000e0000000,0x00000000e0000000,0x00000000f1e00000)
  from space 93696K, 99% used [0x00000000fa480000,0x00000000ffff8010,0x0000000100000000)
  to   space 115712K, 0% used [0x00000000f1e00000,0x00000000f1e00000,0x00000000f8f00000)
 ParOldGen       total 406016K, used 284346K [0x00000000a0000000, 0x00000000b8c80000, 0x00000000e0000000)
  object space 406016K, 70% used [0x00000000a0000000,0x00000000b15aebe8,0x00000000b8c80000)
 Metaspace       used 119589K, capacity 126826K, committed 128280K, reserved 1161216K
  class space    used 15105K, capacity 16327K, committed 16664K, reserved 1048576K
}
Event: 6975,462 GC heap before
{Heap before GC invocations=155 (full 12):
 PSYoungGen      total 386560K, used 386528K [0x00000000e0000000, 0x0000000100000000, 0x0000000100000000)
  eden space 292864K, 100% used [0x00000000e0000000,0x00000000f1e00000,0x00000000f1e00000)
  from space 93696K, 99% used [0x00000000fa480000,0x00000000ffff8010,0x0000000100000000)
  to   space 115712K, 0% used [0x00000000f1e00000,0x00000000f1e00000,0x00000000f8f00000)
 ParOldGen       total 406016K, used 284346K [0x00000000a0000000, 0x00000000b8c80000, 0x00000000e0000000)
  object space 406016K, 70% used [0x00000000a0000000,0x00000000b15aebe8,0x00000000b8c80000)
 Metaspace       used 119589K, capacity 126826K, committed 128280K, reserved 1161216K
  class space    used 15105K, capacity 16327K, committed 16664K, reserved 1048576K
Event: 6975,801 GC heap after
Heap after GC invocations=155 (full 12):
 PSYoungGen      total 400384K, used 107232K [0x00000000e0000000, 0x0000000100000000, 0x0000000100000000)
  eden space 292864K, 0% used [0x00000000e0000000,0x00000000e0000000,0x00000000f1e00000)
  from space 107520K, 99% used [0x00000000f1e00000,0x00000000f86b8000,0x00000000f8700000)
  to   space 123904K, 0% used [0x00000000f8700000,0x00000000f8700000,0x0000000100000000)
 ParOldGen       total 406016K, used 314500K [0x00000000a0000000, 0x00000000b8c80000, 0x00000000e0000000)
  object space 406016K, 77% used [0x00000000a0000000,0x00000000b33210e8,0x00000000b8c80000)
 Metaspace       used 119589K, capacity 126826K, committed 128280K, reserved 1161216K
  class space    used 15105K, capacity 16327K, committed 16664K, reserved 1048576K
}
Event: 6985,349 GC heap before
{Heap before GC invocations=156 (full 12):
 PSYoungGen      total 400384K, used 400096K [0x00000000e0000000, 0x0000000100000000, 0x0000000100000000)
  eden space 292864K, 100% used [0x00000000e0000000,0x00000000f1e00000,0x00000000f1e00000)
  from space 107520K, 99% used [0x00000000f1e00000,0x00000000f86b8000,0x00000000f8700000)
  to   space 123904K, 0% used [0x00000000f8700000,0x00000000f8700000,0x0000000100000000)
 ParOldGen       total 406016K, used 314500K [0x00000000a0000000, 0x00000000b8c80000, 0x00000000e0000000)
  object space 406016K, 77% used [0x00000000a0000000,0x00000000b33210e8,0x00000000b8c80000)
 Metaspace       used 119589K, capacity 126826K, committed 128280K, reserved 1161216K
  class space    used 15105K, capacity 16327K, committed 16664K, reserved 1048576K
Event: 6985,684 GC heap after
Heap after GC invocations=156 (full 12):
 PSYoungGen      total 395264K, used 35712K [0x00000000e0000000, 0x0000000100000000, 0x0000000100000000)
  eden space 271360K, 0% used [0x00000000e0000000,0x00000000e0000000,0x00000000f0900000)
  from space 123904K, 28% used [0x00000000f8700000,0x00000000fa9e0000,0x0000000100000000)
  to   space 126464K, 0% used [0x00000000f0900000,0x00000000f0900000,0x00000000f8480000)
 ParOldGen       total 406016K, used 400849K [0x00000000a0000000, 0x00000000b8c80000, 0x00000000e0000000)
  object space 406016K, 98% used [0x00000000a0000000,0x00000000b8774440,0x00000000b8c80000)
 Metaspace       used 119589K, capacity 126826K, committed 128280K, reserved 1161216K
  class space    used 15105K, capacity 16327K, committed 16664K, reserved 1048576K
}
Event: 6985,711 GC heap before
{Heap before GC invocations=157 (full 13):
 PSYoungGen      total 395264K, used 35712K [0x00000000e0000000, 0x0000000100000000, 0x0000000100000000)
  eden space 271360K, 0% used [0x00000000e0000000,0x00000000e0000000,0x00000000f0900000)
  from space 123904K, 28% used [0x00000000f8700000,0x00000000fa9e0000,0x0000000100000000)
  to   space 126464K, 0% used [0x00000000f0900000,0x00000000f0900000,0x00000000f8480000)
 ParOldGen       total 406016K, used 400849K [0x00000000a0000000, 0x00000000b8c80000, 0x00000000e0000000)
  object space 406016K, 98% used [0x00000000a0000000,0x00000000b8774440,0x00000000b8c80000)
 Metaspace       used 119589K, capacity 126826K, committed 128280K, reserved 1161216K
  class space    used 15105K, capacity 16327K, committed 16664K, reserved 1048576K

