# JRE version: OpenJDK Runtime Environment (8.0_112-b06) (build 1.8.0_112-release-b06)
# Java VM: OpenJDK 64-Bit Server VM (25.112-b06 mixed mode linux-amd64 compressed oops)
Heap:
 PSYoungGen      total 349696K, used 0K [0x00000000e0000000, 0x0000000100000000, 0x0000000100000000)
  eden space 175104K, 0% used [0x00000000e0000000,0x00000000e0000000,0x00000000eab00000)
  from space 174592K, 0% used [0x00000000eab00000,0x00000000eab00000,0x00000000f5580000)
  to   space 174592K, 0% used [0x00000000f5580000,0x00000000f5580000,0x0000000100000000)
 ParOldGen       total 548864K, used 511581K [0x00000000a0000000, 0x00000000c1800000, 0x00000000e0000000)
  object space 548864K, 93% used [0x00000000a0000000,0x00000000bf397508,0x00000000c1800000)
 Metaspace       used 91555K, capacity 96580K, committed 96792K, reserved 1134592K
  class space    used 11539K, capacity 12440K, committed 12592K, reserved 1048576K
GC Heap History (10 events):
Event: 2289,509 GC heap after
Heap after GC invocations=149 (full 12):
 PSYoungGen      total 349696K, used 119980K [0x00000000e0000000, 0x0000000100000000, 0x0000000100000000)
  eden space 175104K, 0% used [0x00000000e0000000,0x00000000e0000000,0x00000000eab00000)
  from space 174592K, 68% used [0x00000000eab00000,0x00000000f202b060,0x00000000f5580000)
  to   space 174592K, 0% used [0x00000000f5580000,0x00000000f5580000,0x0000000100000000)
 ParOldGen       total 548864K, used 303799K [0x00000000a0000000, 0x00000000c1800000, 0x00000000e0000000)
  object space 548864K, 55% used [0x00000000a0000000,0x00000000b28add40,0x00000000c1800000)
 Metaspace       used 91553K, capacity 96580K, committed 96792K, reserved 1134592K
  class space    used 11539K, capacity 12440K, committed 12592K, reserved 1048576K
}
Event: 2289,510 GC heap before
{Heap before GC invocations=150 (full 12):
 PSYoungGen      total 349696K, used 122553K [0x00000000e0000000, 0x0000000100000000, 0x0000000100000000)
  eden space 175104K, 1% used [0x00000000e0000000,0x00000000e0283550,0x00000000eab00000)
  from space 174592K, 68% used [0x00000000eab00000,0x00000000f202b060,0x00000000f5580000)
  to   space 174592K, 0% used [0x00000000f5580000,0x00000000f5580000,0x0000000100000000)
 ParOldGen       total 548864K, used 303799K [0x00000000a0000000, 0x00000000c1800000, 0x00000000e0000000)
  object space 548864K, 55% used [0x00000000a0000000,0x00000000b28add40,0x00000000c1800000)
 Metaspace       used 91553K, capacity 96580K, committed 96792K, reserved 1134592K
  class space    used 11539K, capacity 12440K, committed 12592K, reserved 1048576K
Event: 2289,613 GC heap after
Heap after GC invocations=150 (full 12):
 PSYoungGen      total 349696K, used 49332K [0x00000000e0000000, 0x0000000100000000, 0x0000000100000000)
  eden space 175104K, 0% used [0x00000000e0000000,0x00000000e0000000,0x00000000eab00000)
  from space 174592K, 28% used [0x00000000f5580000,0x00000000f85ad068,0x0000000100000000)
  to   space 174592K, 0% used [0x00000000eab00000,0x00000000eab00000,0x00000000f5580000)
 ParOldGen       total 548864K, used 374920K [0x00000000a0000000, 0x00000000c1800000, 0x00000000e0000000)
  object space 548864K, 68% used [0x00000000a0000000,0x00000000b6e221b8,0x00000000c1800000)
 Metaspace       used 91553K, capacity 96580K, committed 96792K, reserved 1134592K
  class space    used 11539K, capacity 12440K, committed 12592K, reserved 1048576K
}
Event: 2289,820 GC heap before
{Heap before GC invocations=151 (full 12):
 PSYoungGen      total 349696K, used 224436K [0x00000000e0000000, 0x0000000100000000, 0x0000000100000000)
  eden space 175104K, 100% used [0x00000000e0000000,0x00000000eab00000,0x00000000eab00000)
  from space 174592K, 28% used [0x00000000f5580000,0x00000000f85ad068,0x0000000100000000)
  to   space 174592K, 0% used [0x00000000eab00000,0x00000000eab00000,0x00000000f5580000)
 ParOldGen       total 548864K, used 374921K [0x00000000a0000000, 0x00000000c1800000, 0x00000000e0000000)
  object space 548864K, 68% used [0x00000000a0000000,0x00000000b6e22400,0x00000000c1800000)
 Metaspace       used 91555K, capacity 96580K, committed 96792K, reserved 1134592K
  class space    used 11539K, capacity 12440K, committed 12592K, reserved 1048576K
Event: 2289,900 GC heap after
Heap after GC invocations=151 (full 12):
 PSYoungGen      total 349696K, used 36973K [0x00000000e0000000, 0x0000000100000000, 0x0000000100000000)
  eden space 175104K, 0% used [0x00000000e0000000,0x00000000e0000000,0x00000000eab00000)
  from space 174592K, 21% used [0x00000000eab00000,0x00000000ecf1b680,0x00000000f5580000)
  to   space 174592K, 0% used [0x00000000f5580000,0x00000000f5580000,0x0000000100000000)
 ParOldGen       total 548864K, used 416658K [0x00000000a0000000, 0x00000000c1800000, 0x00000000e0000000)
  object space 548864K, 75% used [0x00000000a0000000,0x00000000b96e4800,0x00000000c1800000)
 Metaspace       used 91555K, capacity 96580K, committed 96792K, reserved 1134592K
  class space    used 11539K, capacity 12440K, committed 12592K, reserved 1048576K
}
Event: 2290,086 GC heap before
{Heap before GC invocations=152 (full 12):
 PSYoungGen      total 349696K, used 212077K [0x00000000e0000000, 0x0000000100000000, 0x0000000100000000)
  eden space 175104K, 100% used [0x00000000e0000000,0x00000000eab00000,0x00000000eab00000)
  from space 174592K, 21% used [0x00000000eab00000,0x00000000ecf1b680,0x00000000f5580000)
  to   space 174592K, 0% used [0x00000000f5580000,0x00000000f5580000,0x0000000100000000)
 ParOldGen       total 548864K, used 416667K [0x00000000a0000000, 0x00000000c1800000, 0x00000000e0000000)
  object space 548864K, 75% used [0x00000000a0000000,0x00000000b96e6d80,0x00000000c1800000)
 Metaspace       used 91555K, capacity 96580K, committed 96792K, reserved 1134592K
  class space    used 11539K, capacity 12440K, committed 12592K, reserved 1048576K
Event: 2290,167 GC heap after
Heap after GC invocations=152 (full 12):
 PSYoungGen      total 349696K, used 45646K [0x00000000e0000000, 0x0000000100000000, 0x0000000100000000)
  eden space 175104K, 0% used [0x00000000e0000000,0x00000000e0000000,0x00000000eab00000)
  from space 174592K, 26% used [0x00000000f5580000,0x00000000f8213838,0x0000000100000000)
  to   space 174592K, 0% used [0x00000000eab00000,0x00000000eab00000,0x00000000f5580000)
 ParOldGen       total 548864K, used 450828K [0x00000000a0000000, 0x00000000c1800000, 0x00000000e0000000)
  object space 548864K, 82% used [0x00000000a0000000,0x00000000bb8431e0,0x00000000c1800000)
 Metaspace       used 91555K, capacity 96580K, committed 96792K, reserved 1134592K
  class space    used 11539K, capacity 12440K, committed 12592K, reserved 1048576K
}
Event: 2290,357 GC heap before
{Heap before GC invocations=153 (full 12):
 PSYoungGen      total 349696K, used 220750K [0x00000000e0000000, 0x0000000100000000, 0x0000000100000000)
  eden space 175104K, 100% used [0x00000000e0000000,0x00000000eab00000,0x00000000eab00000)
  from space 174592K, 26% used [0x00000000f5580000,0x00000000f8213838,0x0000000100000000)
  to   space 174592K, 0% used [0x00000000eab00000,0x00000000eab00000,0x00000000f5580000)
 ParOldGen       total 548864K, used 450830K [0x00000000a0000000, 0x00000000c1800000, 0x00000000e0000000)
  object space 548864K, 82% used [0x00000000a0000000,0x00000000bb843a08,0x00000000c1800000)
 Metaspace       used 91555K, capacity 96580K, committed 96792K, reserved 1134592K
  class space    used 11539K, capacity 12440K, committed 12592K, reserved 1048576K
Event: 2290,458 GC heap after
Heap after GC invocations=153 (full 12):
 PSYoungGen      total 349696K, used 56244K [0x00000000e0000000, 0x0000000100000000, 0x0000000100000000)
  eden space 175104K, 0% used [0x00000000e0000000,0x00000000e0000000,0x00000000eab00000)
  from space 174592K, 32% used [0x00000000eab00000,0x00000000ee1ed258,0x00000000f5580000)
  to   space 174592K, 0% used [0x00000000f5580000,0x00000000f5580000,0x0000000100000000)
 ParOldGen       total 548864K, used 489760K [0x00000000a0000000, 0x00000000c1800000, 0x00000000e0000000)
  object space 548864K, 89% used [0x00000000a0000000,0x00000000bde480f8,0x00000000c1800000)
 Metaspace       used 91555K, capacity 96580K, committed 96792K, reserved 1134592K
  class space    used 11539K, capacity 12440K, committed 12592K, reserved 1048576K
}
Event: 2290,459 GC heap before
{Heap before GC invocations=154 (full 13):
 PSYoungGen      total 349696K, used 56244K [0x00000000e0000000, 0x0000000100000000, 0x0000000100000000)
  eden space 175104K, 0% used [0x00000000e0000000,0x00000000e0000000,0x00000000eab00000)
  from space 174592K, 32% used [0x00000000eab00000,0x00000000ee1ed258,0x00000000f5580000)
  to   space 174592K, 0% used [0x00000000f5580000,0x00000000f5580000,0x0000000100000000)
 ParOldGen       total 548864K, used 489760K [0x00000000a0000000, 0x00000000c1800000, 0x00000000e0000000)
  object space 548864K, 89% used [0x00000000a0000000,0x00000000bde480f8,0x00000000c1800000)
 Metaspace       used 91555K, capacity 96580K, committed 96792K, reserved 1134592K
  class space    used 11539K, capacity 12440K, committed 12592K, reserved 1048576K

