# JRE version: OpenJDK Runtime Environment (8.0_112-b06) (build 1.8.0_112-release-b06)
# Java VM: OpenJDK 64-Bit Server VM (25.112-b06 mixed mode linux-amd64 compressed oops)
Heap:
 PSYoungGen      total 326144K, used 16410K [0x00000000e0000000, 0x0000000100000000, 0x0000000100000000)
  eden space 175104K, 0% used [0x00000000e0000000,0x00000000e0000000,0x00000000eab00000)
  from space 151040K, 10% used [0x00000000f6c80000,0x00000000f7c869f8,0x0000000100000000)
  to   space 174592K, 0% used [0x00000000eab00000,0x00000000eab00000,0x00000000f5580000)
 ParOldGen       total 702464K, used 702262K [0x00000000a0000000, 0x00000000cae00000, 0x00000000e0000000)
  object space 702464K, 99% used [0x00000000a0000000,0x00000000cadcd870,0x00000000cae00000)
 Metaspace       used 65232K, capacity 66910K, committed 67224K, reserved 1107968K
  class space    used 8657K, capacity 9090K, committed 9136K, reserved 1048576K
GC Heap History (10 events):
Event: 23,189 GC heap after
Heap after GC invocations=30 (full 6):
 PSYoungGen      total 348672K, used 61597K [0x00000000e0000000, 0x0000000100000000, 0x0000000100000000)
  eden space 251904K, 0% used [0x00000000e0000000,0x00000000e0000000,0x00000000ef600000)
  from space 96768K, 63% used [0x00000000fa180000,0x00000000fdda7498,0x0000000100000000)
  to   space 136192K, 0% used [0x00000000ef600000,0x00000000ef600000,0x00000000f7b00000)
 ParOldGen       total 702464K, used 457230K [0x00000000a0000000, 0x00000000cae00000, 0x00000000e0000000)
  object space 702464K, 65% used [0x00000000a0000000,0x00000000bbe83918,0x00000000cae00000)
 Metaspace       used 65211K, capacity 66910K, committed 67224K, reserved 1107968K
  class space    used 8657K, capacity 9090K, committed 9136K, reserved 1048576K
}
Event: 23,524 GC heap before
{Heap before GC invocations=31 (full 6):
 PSYoungGen      total 348672K, used 313501K [0x00000000e0000000, 0x0000000100000000, 0x0000000100000000)
  eden space 251904K, 100% used [0x00000000e0000000,0x00000000ef600000,0x00000000ef600000)
  from space 96768K, 63% used [0x00000000fa180000,0x00000000fdda7498,0x0000000100000000)
  to   space 136192K, 0% used [0x00000000ef600000,0x00000000ef600000,0x00000000f7b00000)
 ParOldGen       total 702464K, used 457672K [0x00000000a0000000, 0x00000000cae00000, 0x00000000e0000000)
  object space 702464K, 65% used [0x00000000a0000000,0x00000000bbef2238,0x00000000cae00000)
 Metaspace       used 65222K, capacity 66910K, committed 67224K, reserved 1107968K
  class space    used 8657K, capacity 9090K, committed 9136K, reserved 1048576K
Event: 23,738 GC heap after
Heap after GC invocations=31 (full 6):
 PSYoungGen      total 388096K, used 63451K [0x00000000e0000000, 0x0000000100000000, 0x0000000100000000)
  eden space 251904K, 0% used [0x00000000e0000000,0x00000000e0000000,0x00000000ef600000)
  from space 136192K, 46% used [0x00000000ef600000,0x00000000f33f6f58,0x00000000f7b00000)
  to   space 132096K, 0% used [0x00000000f7f00000,0x00000000f7f00000,0x0000000100000000)
 ParOldGen       total 702464K, used 512495K [0x00000000a0000000, 0x00000000cae00000, 0x00000000e0000000)
  object space 702464K, 72% used [0x00000000a0000000,0x00000000bf47bfa8,0x00000000cae00000)
 Metaspace       used 65222K, capacity 66910K, committed 67224K, reserved 1107968K
  class space    used 8657K, capacity 9090K, committed 9136K, reserved 1048576K
}
Event: 24,153 GC heap before
{Heap before GC invocations=32 (full 6):
 PSYoungGen      total 388096K, used 315355K [0x00000000e0000000, 0x0000000100000000, 0x0000000100000000)
  eden space 251904K, 100% used [0x00000000e0000000,0x00000000ef600000,0x00000000ef600000)
  from space 136192K, 46% used [0x00000000ef600000,0x00000000f33f6f58,0x00000000f7b00000)
  to   space 132096K, 0% used [0x00000000f7f00000,0x00000000f7f00000,0x0000000100000000)
 ParOldGen       total 702464K, used 512510K [0x00000000a0000000, 0x00000000cae00000, 0x00000000e0000000)
  object space 702464K, 72% used [0x00000000a0000000,0x00000000bf47f8d0,0x00000000cae00000)
 Metaspace       used 65224K, capacity 66910K, committed 67224K, reserved 1107968K
  class space    used 8657K, capacity 9090K, committed 9136K, reserved 1048576K
Event: 24,276 GC heap after
Heap after GC invocations=32 (full 6):
 PSYoungGen      total 354304K, used 126533K [0x00000000e0000000, 0x0000000100000000, 0x0000000100000000)
  eden space 222208K, 0% used [0x00000000e0000000,0x00000000e0000000,0x00000000ed900000)
  from space 132096K, 95% used [0x00000000f7f00000,0x00000000ffa91730,0x0000000100000000)
  to   space 151040K, 0% used [0x00000000ed900000,0x00000000ed900000,0x00000000f6c80000)
 ParOldGen       total 702464K, used 512510K [0x00000000a0000000, 0x00000000cae00000, 0x00000000e0000000)
  object space 702464K, 72% used [0x00000000a0000000,0x00000000bf47f8d0,0x00000000cae00000)
 Metaspace       used 65224K, capacity 66910K, committed 67224K, reserved 1107968K
  class space    used 8657K, capacity 9090K, committed 9136K, reserved 1048576K
}
Event: 24,603 GC heap before
{Heap before GC invocations=33 (full 6):
 PSYoungGen      total 354304K, used 348741K [0x00000000e0000000, 0x0000000100000000, 0x0000000100000000)
  eden space 222208K, 100% used [0x00000000e0000000,0x00000000ed900000,0x00000000ed900000)
  from space 132096K, 95% used [0x00000000f7f00000,0x00000000ffa91730,0x0000000100000000)
  to   space 151040K, 0% used [0x00000000ed900000,0x00000000ed900000,0x00000000f6c80000)
 ParOldGen       total 702464K, used 512621K [0x00000000a0000000, 0x00000000cae00000, 0x00000000e0000000)
  object space 702464K, 72% used [0x00000000a0000000,0x00000000bf49b720,0x00000000cae00000)
 Metaspace       used 65224K, capacity 66910K, committed 67224K, reserved 1107968K
  class space    used 8657K, capacity 9090K, committed 9136K, reserved 1048576K
Event: 24,776 GC heap after
Heap after GC invocations=33 (full 6):
 PSYoungGen      total 373248K, used 151040K [0x00000000e0000000, 0x0000000100000000, 0x0000000100000000)
  eden space 222208K, 0% used [0x00000000e0000000,0x00000000e0000000,0x00000000ed900000)
  from space 151040K, 100% used [0x00000000ed900000,0x00000000f6c80000,0x00000000f6c80000)
  to   space 151040K, 0% used [0x00000000f6c80000,0x00000000f6c80000,0x0000000100000000)
 ParOldGen       total 702464K, used 538232K [0x00000000a0000000, 0x00000000cae00000, 0x00000000e0000000)
  object space 702464K, 76% used [0x00000000a0000000,0x00000000c0d9e298,0x00000000cae00000)
 Metaspace       used 65224K, capacity 66910K, committed 67224K, reserved 1107968K
  class space    used 8657K, capacity 9090K, committed 9136K, reserved 1048576K
}
Event: 25,064 GC heap before
{Heap before GC invocations=34 (full 6):
 PSYoungGen      total 373248K, used 373248K [0x00000000e0000000, 0x0000000100000000, 0x0000000100000000)
  eden space 222208K, 100% used [0x00000000e0000000,0x00000000ed900000,0x00000000ed900000)
  from space 151040K, 100% used [0x00000000ed900000,0x00000000f6c80000,0x00000000f6c80000)
  to   space 151040K, 0% used [0x00000000f6c80000,0x00000000f6c80000,0x0000000100000000)
 ParOldGen       total 702464K, used 538239K [0x00000000a0000000, 0x00000000cae00000, 0x00000000e0000000)
  object space 702464K, 76% used [0x00000000a0000000,0x00000000c0d9fe38,0x00000000cae00000)
 Metaspace       used 65232K, capacity 66910K, committed 67224K, reserved 1107968K
  class space    used 8657K, capacity 9090K, committed 9136K, reserved 1048576K
Event: 25,296 GC heap after
Heap after GC invocations=34 (full 6):
 PSYoungGen      total 326144K, used 114542K [0x00000000e0000000, 0x0000000100000000, 0x0000000100000000)
  eden space 175104K, 0% used [0x00000000e0000000,0x00000000e0000000,0x00000000eab00000)
  from space 151040K, 75% used [0x00000000f6c80000,0x00000000fdc5bbc8,0x0000000100000000)
  to   space 174592K, 0% used [0x00000000eab00000,0x00000000eab00000,0x00000000f5580000)
 ParOldGen       total 702464K, used 641053K [0x00000000a0000000, 0x00000000cae00000, 0x00000000e0000000)
  object space 702464K, 91% used [0x00000000a0000000,0x00000000c72077b0,0x00000000cae00000)
 Metaspace       used 65232K, capacity 66910K, committed 67224K, reserved 1107968K
  class space    used 8657K, capacity 9090K, committed 9136K, reserved 1048576K
}
Event: 25,296 GC heap before
{Heap before GC invocations=35 (full 7):
 PSYoungGen      total 326144K, used 114542K [0x00000000e0000000, 0x0000000100000000, 0x0000000100000000)
  eden space 175104K, 0% used [0x00000000e0000000,0x00000000e0000000,0x00000000eab00000)
  from space 151040K, 75% used [0x00000000f6c80000,0x00000000fdc5bbc8,0x0000000100000000)
  to   space 174592K, 0% used [0x00000000eab00000,0x00000000eab00000,0x00000000f5580000)
 ParOldGen       total 702464K, used 641053K [0x00000000a0000000, 0x00000000cae00000, 0x00000000e0000000)
  object space 702464K, 91% used [0x00000000a0000000,0x00000000c72077b0,0x00000000cae00000)
 Metaspace       used 65232K, capacity 66910K, committed 67224K, reserved 1107968K
  class space    used 8657K, capacity 9090K, committed 9136K, reserved 1048576K

